Arguments: 
  /usr/bin/node /usr/share/yarn/bin/yarn.js start

PATH: 
  /home/bioversity/.local/bin:/usr/local/sbin:/usr/local/bin:/usr/sbin:/usr/bin:/sbin:/bin:/usr/games:/usr/local/games:/snap/bin:/usr/lib/jvm/java-8-oracle/bin:/usr/lib/jvm/java-8-oracle/db/bin:/usr/lib/jvm/java-8-oracle/jre/bin:/home/bioversity/.yarn/bin

Yarn version: 
  1.13.0

Node version: 
  9.4.0

Platform: 
  linux x64

Trace: 
  TypeError [ERR_INVALID_ARG_TYPE]: The "path" argument must be of type string
      at assertPath (path.js:28:11)
      at Object.isAbsolute (path.js:1233:5)
      at module.exports.exports.default (/usr/share/yarn/lib/cli.js:100049:16)
      at /usr/share/yarn/lib/cli.js:50787:63
      at Generator.next (<anonymous>)
      at step (/usr/share/yarn/lib/cli.js:304:30)
      at /usr/share/yarn/lib/cli.js:315:13
      at <anonymous>

npm manifest: 
  {
    "name": "crop-ontology",
    "version": "1.0.0",
    "description": "The Crop Ontology website interface, written in NodeJs over [Google App Engine](http://code.google.com/appengine/).",
    "main": "main.js",
    "repository": {
      "type": "git",
      "url": "git+https://github.com/bioversity/<REPO>"
    },
    "author": "Alessandro Gubitosi <a.gubitosi@cgiar.org>",
    "license": "GPL-3.0",
    "bugs": {
      "url": "https://github.com/bioversity/<REPO>/issues"
    },
    "homepage": "http://www.cropontology.org/",
    "requires": true,
    "lockfileVersion": 1,
    "devDependencies": {
      "babel-cli": "^6.24.1",
      "babel-core": "^6.25.0",
      "babel-plugin-transform-es2015-modules-commonjs": "^6.24.1",
      "babel-preset-env": "^1.6.0",
      "babel-preset-es2015": "^6.24.1",
      "babelify": "^7.3.0",
      "factor-bundle": "^2.5.0",
      "grunt": "^1.0.1",
      "grunt-babel": "^7.0.0",
      "grunt-browserify": "^5.0.0",
      "grunt-contrib-clean": "^1.0.0",
      "grunt-contrib-cssmin": "^1.0.2",
      "grunt-contrib-htmlmin": "^2.2.0",
      "grunt-contrib-jshint": "^1.1.0",
      "grunt-contrib-sass": "^1.0.0",
      "grunt-contrib-uglify": "^2.0.0",
      "grunt-contrib-watch": "^1.0.0",
      "grunt-legacy-log": "^1.0.0",
      "grunt-legacy-log-utils": "^1.0.0",
      "grunt-legacy-util": "^1.0.0",
      "grunt-sass": "^2.0.0",
      "jshint": "^2.9.7",
      "load-grunt-tasks": "^3.5.2",
      "time-grunt": "^1.4.0"
    },
    "dependencies": {
      "babel-plugin-transform-html-import-to-string": "0.0.1",
      "es6-promise": "^4.2.5",
      "grunt": "^1.0.1",
      "jquery": "^3.3.1",
      "load-grunt-tasks": "^3.5.2",
      "lodash.get": {
        "integrity": "sha1-LRd/ZS+jHpObRDjVNBSZ36OCXpk=",
        "resolved": "https://registry.npmjs.org/lodash.get/-/lodash.get-4.4.2.tgz",
        "version": "4.4.2"
      },
      "markdown": "^0.5.0",
      "moment": "^2.22.2",
      "node-gettext": {
        "integrity": "sha1-8dwSN83FRvUVk9o0AwS4vrpbhSU=",
        "requires": {
          "lodash.get": "^4.4.2"
        },
        "resolved": "https://registry.npmjs.org/node-gettext/-/node-gettext-2.0.0.tgz",
        "version": "2.0.0"
      },
      "node-sass": "^4.11.0",
      "@bower_components/fontawesome": "FortAwesome/Font-Awesome#^5.5.0",
      "@bower_components/jq-fullscreen": "private-face/jquery.fullscreen#^0.6.0",
      "@bower_components/jquery": "jquery/jquery-dist#^3.2.1",
      "@bower_components/jquery-validation": "jzaefferer/jquery-validation#^1.19.0",
      "@bower_components/materialize": "Dogfalo/materialize#^0.100.1",
      "@bower_components/picol-font": "PicolSigns/PICOL-font#*"
    },
    "scripts": {
      "build": "babel src -d lib && browserify lib/app.js -o lib/app.bundle.js",
      "postinstall": "node -e \"try { require('fs').symlinkSync(require('path').resolve('node_modules/@bower_components'), 'bower_components', 'junction') } catch (e) { }\""
    },
    "engines": {
      "yarn": ">= 1.0.0"
    }
  }

yarn manifest: 
  No manifest

Lockfile: 
  No lockfile
